#
# There is insufficient memory for the Java Runtime Environment to continue.
# Native memory allocation (mmap) failed to map 134217728 bytes for G1 virtual space
# Possible reasons:
#   The system is out of physical RAM or swap space
#   The process is running with CompressedOops enabled, and the Java Heap may be blocking the growth of the native heap
# Possible solutions:
#   Reduce memory load on the system
#   Increase physical memory or swap space
#   Check if swap backing store is full
#   Decrease Java heap size (-Xmx/-Xms)
#   Decrease number of Java threads
#   Decrease Java thread stack sizes (-Xss)
#   Set larger code cache with -XX:ReservedCodeCacheSize=
#   JVM is running with Unscaled Compressed Oops mode in which the Java heap is
#     placed in the first 4GB address space. The Java Heap base address is the
#     maximum limit for the native heap growth. Please use -XX:HeapBaseMinAddress
#     to set the Java Heap base and to place the Java Heap above 4GB virtual address.
# This output file may be truncated or incomplete.
#
#  Out of Memory Error (os_windows.cpp:3527), pid=20300, tid=20600
#
# JRE version:  (19.0+36) (build )
# Java VM: Java HotSpot(TM) 64-Bit Server VM (19+36-2238, mixed mode, sharing, tiered, compressed oops, compressed class ptrs, g1 gc, windows-amd64)
# No core dump will be written. Minidumps are not enabled by default on client versions of Windows
#

---------------  S U M M A R Y ------------

Command Line: -Dfile.encoding=Cp1252 --module-path=D:\mysql-connector-java-5.1.14-bin.jar -XX:+ShowCodeDetailsInExceptionMessages Interfaces.Principale

Host: Intel(R) Core(TM) i5-4300U CPU @ 1.90GHz, 4 cores, 7G,  Windows 10 , 64 bit Build 10240 (10.0.10240.17113)
Time: Thu May 11 17:51:00 2023 Europe centrale - heure d’été elapsed time: 0.026305 seconds (0d 0h 0m 0s)

---------------  T H R E A D  ---------------

Current thread (0x00000015568a4c20):  JavaThread "Unknown thread" [_thread_in_vm, id=20600, stack(0x0000001555f80000,0x0000001556080000)]

Stack: [0x0000001555f80000,0x0000001556080000]
Native frames: (J=compiled Java code, j=interpreted, Vv=VM code, C=native code)
V  [jvm.dll+0x6ee8fa]
V  [jvm.dll+0x857a1e]
V  [jvm.dll+0x85940e]
V  [jvm.dll+0x859ac3]
V  [jvm.dll+0x28291f]
V  [jvm.dll+0x6eb6e9]
V  [jvm.dll+0x6e028a]
V  [jvm.dll+0x357136]
V  [jvm.dll+0x35eb96]
V  [jvm.dll+0x3b555e]
V  [jvm.dll+0x3b578f]
V  [jvm.dll+0x32c6ea]
V  [jvm.dll+0x32d59e]
V  [jvm.dll+0x821b20]
V  [jvm.dll+0x3c27c1]
V  [jvm.dll+0x8022f1]
V  [jvm.dll+0x44b30f]
V  [jvm.dll+0x44cc91]
C  [jli.dll+0x5287]
C  [ucrtbase.dll+0x6829d]
C  [KERNEL32.DLL+0x12d92]
C  [ntdll.dll+0x9f64]


---------------  P R O C E S S  ---------------

Threads class SMR info:
_java_thread_list=0x00007ffebc49d048, length=0, elements={
}

Java Threads: ( => current thread )

Other Threads:
  0x0000001556906490 WorkerThread "GC Thread#0" [stack: 0x00000015566a0000,0x00000015567a0000] [id=22512]
  0x0000001556917ca0 ConcurrentGCThread "G1 Main Marker" [stack: 0x0000001572330000,0x0000001572430000] [id=9256]
  0x00000015569185e0 WorkerThread "G1 Conc#0" [stack: 0x0000001572430000,0x0000001572530000] [id=22308]

[error occurred during error reporting (printing all threads), id 0xc0000005, EXCEPTION_ACCESS_VIOLATION (0xc0000005) at pc=0x00007ffebbc5d127]

VM state: not at safepoint (not fully initialized)

VM Mutex/Monitor currently owned by a thread:  ([mutex/lock_event])
[0x000000155689f610] Heap_lock - owner thread: 0x00000015568a4c20

Heap address: 0x0000000081e00000, size: 2018 MB, Compressed Oops mode: 32-bit

CDS archive(s) mapped at: [0x0000000000000000-0x0000000000000000-0x0000000000000000), size 0, SharedBaseAddress: 0x0000000800000000, ArchiveRelocationMode: 0.
Narrow klass base: 0x0000000000000000, Narrow klass shift: 0, Narrow klass range: 0x0

GC Precious Log:
 CardTable entry size: 512
 Card Set container configuration: InlinePtr #cards 5 size 8 Array Of Cards #cards 12 size 40 Howl #buckets 4 coarsen threshold 1843 Howl Bitmap #cards 512 size 80 coarsen threshold 460 Card regions per heap region 1 cards per card region 2048

Heap:
 garbage-first heap   total 0K, used 0K [0x0000000081e00000, 0x0000000100000000)
  region size 1024K, 0 young (0K), 0 survivors (0K)

[error occurred during error reporting (printing heap information), id 0xc0000005, EXCEPTION_ACCESS_VIOLATION (0xc0000005) at pc=0x00007ffebc066959]

GC Heap History (0 events):
No events

Dll operation events (1 events):
Event: 0.007 Loaded shared library C:\Program Files\Java\jdk-19\bin\java.dll

Deoptimization events (0 events):
No events

Classes loaded (0 events):
No events

Classes unloaded (0 events):
No events

Classes redefined (0 events):
No events

Internal exceptions (0 events):
No events

VM Operations (0 events):
No events

Events (0 events):
No events


Dynamic libraries:
0x00007ff76a8d0000 - 0x00007ff76a8e0000 	C:\Program Files\Java\jdk-19\bin\javaw.exe
0x00007ffef0530000 - 0x00007ffef06f2000 	C:\Windows\SYSTEM32\ntdll.dll
0x00007ffeef5f0000 - 0x00007ffeef69d000 	C:\Windows\system32\KERNEL32.DLL
0x00007ffeed9c0000 - 0x00007ffeedb9d000 	C:\Windows\system32\KERNELBASE.dll
0x00007ffedb920000 - 0x00007ffedb938000 	C:\Program Files\Java\jdk-19\bin\jli.dll
0x00007ffef0110000 - 0x00007ffef01b6000 	C:\Windows\system32\ADVAPI32.dll
0x00007ffeedc30000 - 0x00007ffeedccd000 	C:\Windows\system32\msvcrt.dll
0x00007ffeef2c0000 - 0x00007ffeef31b000 	C:\Windows\system32\sechost.dll
0x00007ffeefc90000 - 0x00007ffeefdb6000 	C:\Windows\system32\RPCRT4.dll
0x00007ffeef850000 - 0x00007ffeef99e000 	C:\Windows\system32\USER32.dll
0x00007ffef01c0000 - 0x00007ffef0343000 	C:\Windows\system32\GDI32.dll
0x00007ffecbc90000 - 0x00007ffecbcab000 	C:\Program Files\Java\jdk-19\bin\VCRUNTIME140.dll
0x00007ffee5c50000 - 0x00007ffee5d42000 	C:\Windows\SYSTEM32\ucrtbase.dll
0x00007ffede6a0000 - 0x00007ffede914000 	C:\Windows\WinSxS\amd64_microsoft.windows.common-controls_6595b64144ccf1df_6.0.10240.17184_none_f41d7a705752bce6\COMCTL32.dll
0x00007ffee7f00000 - 0x00007ffee7f0a000 	C:\Windows\SYSTEM32\VERSION.dll
0x00007ffeedbf0000 - 0x00007ffeedc26000 	C:\Windows\system32\IMM32.DLL
0x00007ffeeff90000 - 0x00007ffef00ec000 	C:\Windows\system32\MSCTF.dll
0x00007ffed3e80000 - 0x00007ffed3e8c000 	C:\Program Files\Java\jdk-19\bin\vcruntime140_1.dll
0x00007ffec99c0000 - 0x00007ffec9a4e000 	C:\Program Files\Java\jdk-19\bin\msvcp140.dll
0x00007ffebb920000 - 0x00007ffebc5e0000 	C:\Program Files\Java\jdk-19\bin\server\jvm.dll
0x00007ffed5bf0000 - 0x00007ffed5bf9000 	C:\Windows\SYSTEM32\WSOCK32.dll
0x00007ffeefc20000 - 0x00007ffeefc89000 	C:\Windows\system32\WS2_32.dll
0x00007ffef0100000 - 0x00007ffef0108000 	C:\Windows\system32\NSI.dll
0x00007ffeeb0b0000 - 0x00007ffeeb0d3000 	C:\Windows\SYSTEM32\WINMM.dll
0x00007ffeeb050000 - 0x00007ffeeb07c000 	C:\Windows\SYSTEM32\WINMMBASE.dll
0x00007ffeedba0000 - 0x00007ffeedbe4000 	C:\Windows\system32\cfgmgr32.dll
0x00007ffeeb8d0000 - 0x00007ffeeb8f7000 	C:\Windows\SYSTEM32\DEVOBJ.dll
0x00007ffeecfc0000 - 0x00007ffeecfcf000 	C:\Windows\system32\kernel.appcore.dll
0x00007ffed0590000 - 0x00007ffed059a000 	C:\Program Files\Java\jdk-19\bin\jimage.dll
0x00007ffebae50000 - 0x00007ffebafda000 	C:\Windows\SYSTEM32\DBGHELP.DLL
0x00007ffed17a0000 - 0x00007ffed17c5000 	C:\Windows\SYSTEM32\dbgcore.DLL
0x00007ffec9b30000 - 0x00007ffec9b56000 	C:\Program Files\Java\jdk-19\bin\java.dll

dbghelp: loaded successfully - version: 4.0.5 - missing functions: none
symbol engine: initialized successfully - sym options: 0x614 - pdb path: .;C:\Program Files\Java\jdk-19\bin;C:\Windows\SYSTEM32;C:\Windows\WinSxS\amd64_microsoft.windows.common-controls_6595b64144ccf1df_6.0.10240.17184_none_f41d7a705752bce6;C:\Program Files\Java\jdk-19\bin\server

VM Arguments:
jvm_args: -Dfile.encoding=Cp1252 --module-path=D:\mysql-connector-java-5.1.14-bin.jar -XX:+ShowCodeDetailsInExceptionMessages 
java_command: Interfaces.Principale
java_class_path (initial): C:\Users\admin\Desktop\java\Application_Gestion_Pharmacie\bin
Launcher Type: SUN_STANDARD

[Global flags]
     intx CICompilerCount                          = 3                                         {product} {ergonomic}
     uint ConcGCThreads                            = 1                                         {product} {ergonomic}
     uint G1ConcRefinementThreads                  = 4                                         {product} {ergonomic}
   size_t G1HeapRegionSize                         = 1048576                                   {product} {ergonomic}
    uintx GCDrainStackTargetSize                   = 64                                        {product} {ergonomic}
   size_t InitialHeapSize                          = 134217728                                 {product} {ergonomic}
   size_t MarkStackSize                            = 4194304                                   {product} {ergonomic}
   size_t MaxHeapSize                              = 2116026368                                {product} {ergonomic}
   size_t MinHeapDeltaBytes                        = 1048576                                   {product} {ergonomic}
   size_t MinHeapSize                              = 8388608                                   {product} {ergonomic}
    uintx NonNMethodCodeHeapSize                   = 5832780                                {pd product} {ergonomic}
    uintx NonProfiledCodeHeapSize                  = 122912730                              {pd product} {ergonomic}
    uintx ProfiledCodeHeapSize                     = 122912730                              {pd product} {ergonomic}
    uintx ReservedCodeCacheSize                    = 251658240                              {pd product} {ergonomic}
     bool SegmentedCodeCache                       = true                                      {product} {ergonomic}
     bool ShowCodeDetailsInExceptionMessages       = true                                   {manageable} {command line}
   size_t SoftMaxHeapSize                          = 2116026368                             {manageable} {ergonomic}
     bool UseCompressedClassPointers               = true                           {product lp64_product} {ergonomic}
     bool UseCompressedOops                        = true                           {product lp64_product} {ergonomic}
     bool UseG1GC                                  = true                                      {product} {ergonomic}
     bool UseLargePagesIndividualAllocation        = false                                  {pd product} {ergonomic}

Logging:
Log output configuration:
 #0: stdout all=warning uptime,level,tags foldmultilines=false
 #1: stderr all=off uptime,level,tags foldmultilines=false

Environment Variables:
JAVA_HOME=C:\Program Files\AdoptOpenJDK\jre-8.0.222.10-hotspot\
PATH=C:/Program Files/Eclipse Adoptium/jdk-17.0.6.10-hotspot/bin/server;C:/Program Files/Eclipse Adoptium/jdk-17.0.6.10-hotspot/bin;C:\Program Files\Eclipse Adoptium\jdk-17.0.6.10-hotspot\bin;C:\Program Files\Common Files\Oracle\Java\javapath;C:\Program Files\AdoptOpenJDK\jre-8.0.222.10-hotspot\bin;C:\Program Files\AdoptOpenJDK\jre-11.0.4.11-hotspot\bin;C:\Program Files (x86)\AdoptOpenJDK\jre-8.0.222.10-hotspot\bin;C:\Windows\system32;C:\Windows;C:\Windows\System32\Wbem;C:\Windows\System32\WindowsPowerShell\v1.0\;C:\Program Files\Microsoft VS Code\bin;C:\Users\admin\eclipse\java-2020-095\eclipse;
USERNAME=admin
OS=Windows_NT
PROCESSOR_IDENTIFIER=Intel64 Family 6 Model 69 Stepping 1, GenuineIntel
TMP=C:\Users\admin\AppData\Local\Temp
TEMP=C:\Users\admin\AppData\Local\Temp



---------------  S Y S T E M  ---------------

OS:
 Windows 10 , 64 bit Build 10240 (10.0.10240.17113)
OS uptime: 16 days 19:38 hours

CPU: total 4 (initial active 4) (2 cores per cpu, 2 threads per core) family 6 model 69 stepping 1 microcode 0x1d, cx8, cmov, fxsr, ht, mmx, sse, sse2, sse3, ssse3, sse4.1, sse4.2, popcnt, lzcnt, tsc, tscinvbit, avx, avx2, aes, erms, clmul, bmi1, bmi2, fma, vzeroupper, clflush, rdtscp

Memory: 4k page, system-wide physical 8071M (1081M free)
TotalPageFile size 23001M (AvailPageFile size 62M)
current process WorkingSet (physical memory assigned to process): 9M, peak: 9M
current process commit charge ("private bytes"): 51M, peak: 179M

vm_info: Java HotSpot(TM) 64-Bit Server VM (19+36-2238) for windows-amd64 JRE (19+36-2238), built on 2022-08-12T20:29:01Z by "mach5one" with MS VC++ 17.1 (VS2022)

END.
